\BOOKMARK [1][-]{section.1}{\376\377\000C\000o\000n\000t\000e\000x\000t\000o}{}% 1
\BOOKMARK [2][-]{subsection.1.1}{\376\377\000I\000n\000t\000r\000o\000d\000u\000c\000c\000i\000\363\000n}{section.1}% 2
\BOOKMARK [2][-]{subsection.1.2}{\376\377\000D\000e\000f\000i\000n\000i\000c\000i\000\363\000n\000\040\000d\000e\000l\000\040\000P\000r\000o\000b\000l\000e\000m\000a}{section.1}% 3
\BOOKMARK [2][-]{subsection.1.3}{\376\377\000M\000a\000r\000c\000o\000\040\000d\000e\000\040\000l\000a\000\040\000e\000m\000p\000r\000e\000s\000a}{section.1}% 4
\BOOKMARK [2][-]{subsection.1.4}{\376\377\000C\000o\000n\000c\000e\000p\000t\000o\000s\000\040\000R\000e\000l\000e\000v\000a\000n\000t\000e\000s}{section.1}% 5
\BOOKMARK [3][-]{subsubsection.1.4.1}{\376\377\000S\000p\000e\000c\000-\000D\000r\000i\000v\000e\000n\000-\000D\000e\000v\000e\000l\000o\000p\000m\000e\000n\000t\000\040\000\050\000S\000D\000D\000\051}{subsection.1.4}% 6
\BOOKMARK [3][-]{subsubsection.1.4.2}{\376\377\000T\000o\000m\000a\000\040\000d\000e\000\040\000r\000e\000q\000u\000e\000r\000i\000m\000i\000e\000n\000t\000o\000s}{subsection.1.4}% 7
\BOOKMARK [3][-]{subsubsection.1.4.3}{\376\377\000A\000s\000i\000s\000t\000e\000n\000t\000e\000s\000\040\000d\000e\000\040\000I\000n\000t\000e\000l\000i\000g\000e\000n\000c\000i\000a\000\040\000A\000r\000t\000i\000f\000i\000c\000i\000a\000l\000\040\000y\000\040\000A\000g\000e\000n\000t\000e\000s\000\040\000B\000a\000s\000a\000d\000o\000s\000\040\000e\000n\000\040\000L\000L\000M\000s}{subsection.1.4}% 8
\BOOKMARK [2][-]{subsection.1.5}{\376\377\000A\000g\000e\000n\000t\000e\000s\000\040\000I\000m\000p\000l\000i\000c\000a\000d\000o\000s}{section.1}% 9
\BOOKMARK [3][-]{subsubsection.1.5.1}{\376\377\000D\000e\000s\000a\000r\000r\000o\000l\000l\000a\000d\000o\000r\000e\000s}{subsection.1.5}% 10
\BOOKMARK [3][-]{subsubsection.1.5.2}{\376\377\000C\000l\000i\000e\000n\000t\000e\000\040\000y\000\040\000s\000u\000s\000\040\000u\000s\000u\000a\000r\000i\000o\000s}{subsection.1.5}% 11
\BOOKMARK [1][-]{section.2}{\376\377\000J\000u\000s\000t\000i\000f\000i\000c\000a\000c\000i\000\363\000n}{}% 12
\BOOKMARK [2][-]{subsection.2.1}{\376\377\000E\000s\000t\000a\000d\000o\000\040\000d\000e\000l\000\040\000a\000r\000t\000e\000\040\000y\000\040\000s\000o\000l\000u\000c\000i\000o\000n\000e\000s\000\040\000e\000x\000i\000s\000t\000e\000n\000t\000e\000s}{section.2}% 13
\BOOKMARK [3][-]{subsubsection.2.1.1}{\376\377\000S\000p\000e\000c\000\040\000K\000i\000t}{subsection.2.1}% 14
\BOOKMARK [3][-]{subsubsection.2.1.2}{\376\377\000A\000g\000e\000n\000t\000O\000S}{subsection.2.1}% 15
\BOOKMARK [3][-]{subsubsection.2.1.3}{\376\377\000A\000s\000i\000s\000t\000e\000n\000t\000e\000s\000\040\000C\000o\000m\000e\000r\000c\000i\000a\000l\000e\000s\000\040\000\050\000C\000o\000p\000i\000l\000o\000t\000,\000\040\000C\000u\000r\000s\000o\000r\000\051}{subsection.2.1}% 16
\BOOKMARK [2][-]{subsection.2.2}{\376\377\000A\000n\000\341\000l\000i\000s\000i\000s\000\040\000c\000o\000m\000p\000a\000r\000a\000t\000i\000v\000o\000:\000\040\000\277\000E\000s\000t\000\341\000\040\000j\000u\000s\000t\000i\000f\000i\000c\000a\000d\000a\000\040\000u\000n\000a\000\040\000s\000o\000l\000u\000c\000i\000\363\000n\000\040\000a\000\040\000m\000e\000d\000i\000d\000a\000?}{section.2}% 17
\BOOKMARK [2][-]{subsection.2.3}{\376\377\000P\000r\000o\000p\000u\000e\000s\000t\000a\000\040\000d\000e\000\040\000i\000m\000p\000l\000e\000m\000e\000n\000t\000a\000c\000i\000\363\000n}{section.2}% 18
\BOOKMARK [1][-]{section.3}{\376\377\000A\000l\000c\000a\000n\000c\000e\000\040\000d\000e\000l\000\040\000P\000r\000o\000y\000e\000c\000t\000o}{}% 19
\BOOKMARK [2][-]{subsection.3.1}{\376\377\000O\000b\000j\000e\000t\000i\000v\000o\000\040\000G\000e\000n\000e\000r\000a\000l}{section.3}% 20
\BOOKMARK [2][-]{subsection.3.2}{\376\377\000R\000e\000q\000u\000e\000r\000i\000m\000i\000e\000n\000t\000o\000s}{section.3}% 21
\BOOKMARK [3][-]{subsubsection.3.2.1}{\376\377\000R\000e\000q\000u\000e\000r\000i\000m\000i\000e\000n\000t\000o\000s\000\040\000F\000u\000n\000c\000i\000o\000n\000a\000l\000e\000s}{subsection.3.2}% 22
\BOOKMARK [3][-]{subsubsection.3.2.2}{\376\377\000R\000e\000q\000u\000e\000r\000i\000m\000i\000e\000n\000t\000o\000s\000\040\000N\000o\000\040\000F\000u\000n\000c\000i\000o\000n\000a\000l\000e\000s}{subsection.3.2}% 23
\BOOKMARK [2][-]{subsection.3.3}{\376\377\000O\000b\000s\000t\000\341\000c\000u\000l\000o\000s\000\040\000y\000\040\000R\000i\000e\000s\000g\000o\000s}{section.3}% 24
\BOOKMARK [1][-]{section.4}{\376\377\000M\000e\000t\000o\000d\000o\000l\000o\000g\000\355\000a\000\040\000y\000\040\000R\000i\000g\000o\000r}{}% 25
\BOOKMARK [2][-]{subsection.4.1}{\376\377\000M\000e\000t\000o\000d\000o\000l\000o\000g\000\355\000a\000\040\000d\000e\000\040\000T\000r\000a\000b\000a\000j\000o}{section.4}% 26
\BOOKMARK [2][-]{subsection.4.2}{\376\377\000H\000e\000r\000r\000a\000m\000i\000e\000n\000t\000a\000s\000\040\000d\000e\000\040\000S\000e\000g\000u\000i\000m\000i\000e\000n\000t\000o\000\040\000y\000\040\000C\000o\000n\000t\000r\000o\000l}{section.4}% 27
\BOOKMARK [1][-]{section.5}{\376\377\000D\000e\000s\000c\000r\000i\000p\000c\000i\000\363\000n\000\040\000d\000e\000\040\000l\000a\000s\000\040\000t\000a\000r\000e\000a\000s}{}% 28
\BOOKMARK [2][-]{subsection.5.1}{\376\377\000G\000P\000\040\000-\000\040\000G\000e\000s\000t\000i\000\363\000n\000\040\000d\000e\000l\000\040\000p\000r\000o\000y\000e\000c\000t\000o}{section.5}% 29
\BOOKMARK [2][-]{subsection.5.2}{\376\377\000T\000P\000\040\000-\000\040\000T\000r\000a\000b\000a\000j\000o\000\040\000P\000r\000e\000v\000i\000o}{section.5}% 30
\BOOKMARK [2][-]{subsection.5.3}{\376\377\000D\000A\000\040\000-\000\040\000D\000e\000s\000a\000r\000r\000o\000l\000l\000o\000\040\000\301\000g\000i\000l\000\040\000\050\000S\000p\000r\000i\000n\000t\000s\000\040\000I\000t\000e\000r\000a\000t\000i\000v\000o\000s\000\051}{section.5}% 31
\BOOKMARK [2][-]{subsection.5.4}{\376\377\000P\000V\000\040\000-\000\040\000P\000r\000u\000e\000b\000a\000s\000\040\000y\000\040\000V\000a\000l\000i\000d\000a\000c\000i\000\363\000n}{section.5}% 32
\BOOKMARK [2][-]{subsection.5.5}{\376\377\000R\000e\000c\000u\000r\000s\000o\000s}{section.5}% 33
\BOOKMARK [3][-]{subsubsection.5.5.1}{\376\377\000R\000e\000c\000u\000r\000s\000o\000s\000\040\000M\000a\000t\000e\000r\000i\000a\000l\000e\000s}{subsection.5.5}% 34
\BOOKMARK [3][-]{subsubsection.5.5.2}{\376\377\000R\000e\000c\000u\000r\000s\000o\000s\000\040\000d\000e\000\040\000S\000o\000f\000t\000w\000a\000r\000e}{subsection.5.5}% 35
\BOOKMARK [3][-]{subsubsection.5.5.3}{\376\377\000R\000e\000c\000u\000r\000s\000o\000s\000\040\000H\000u\000m\000a\000n\000o\000s}{subsection.5.5}% 36
\BOOKMARK [2][-]{subsection.5.6}{\376\377\000T\000a\000b\000l\000a\000\040\000r\000e\000s\000u\000m\000e\000n\000\040\000d\000e\000\040\000t\000a\000r\000e\000a\000s}{section.5}% 37
\BOOKMARK [3][-]{subsubsection.5.6.1}{\376\377\000D\000e\000s\000g\000l\000o\000s\000e\000\040\000d\000e\000\040\000h\000o\000r\000a\000s\000\040\000p\000o\000r\000\040\000r\000o\000l}{subsection.5.6}% 38
\BOOKMARK [2][-]{subsection.5.7}{\376\377\000D\000i\000a\000g\000r\000a\000m\000a\000\040\000d\000e\000\040\000G\000a\000n\000t\000t}{section.5}% 39
\BOOKMARK [1][-]{section.6}{\376\377\000G\000e\000s\000t\000i\000\363\000n\000\040\000d\000e\000\040\000r\000i\000e\000s\000g\000o\000s\000:\000\040\000P\000l\000a\000n\000e\000s\000\040\000a\000l\000t\000e\000r\000n\000a\000t\000i\000v\000o\000s\000\040\000y\000\040\000o\000b\000s\000t\000\341\000c\000u\000l\000o\000s}{}% 40
\BOOKMARK [2][-]{subsection.6.1}{\376\377\000R\000i\000e\000s\000g\000o\000\040\0001\000:\000\040\000C\000a\000m\000b\000i\000o\000s\000\040\000r\000e\000p\000e\000n\000t\000i\000n\000o\000s\000\040\000e\000n\000\040\000l\000o\000s\000\040\000r\000e\000q\000u\000e\000r\000i\000m\000i\000e\000n\000t\000o\000s\000\040\000p\000o\000r\000\040\000p\000a\000r\000t\000e\000\040\000d\000e\000\040\000l\000a\000\040\000e\000m\000p\000r\000e\000s\000a}{section.6}% 41
\BOOKMARK [2][-]{subsection.6.2}{\376\377\000R\000i\000e\000s\000g\000o\000\040\0002\000:\000\040\000B\000l\000o\000q\000u\000e\000o\000\040\000t\000e\000c\000n\000o\000l\000\363\000g\000i\000c\000o\000\040\000\050\000V\000e\000n\000d\000o\000r\000\040\000L\000o\000c\000k\000-\000i\000n\000\051\000\040\000p\000o\000r\000\040\000c\000a\000m\000b\000i\000o\000\040\000d\000e\000\040\000p\000r\000e\000c\000i\000o\000s\000\040\000o\000\040\000p\000o\000l\000\355\000t\000i\000c\000a\000s\000\040\000e\000n\000\040\000l\000a\000s\000\040\000A\000P\000I\000s\000\040\000d\000e\000\040\000l\000o\000s\000\040\000L\000L\000M\000s}{section.6}% 42
\BOOKMARK [2][-]{subsection.6.3}{\376\377\000R\000i\000e\000s\000g\000o\000\040\0003\000:\000\040\000D\000o\000c\000u\000m\000e\000n\000t\000a\000c\000i\000\363\000n\000\040\000i\000n\000t\000e\000r\000n\000a\000\040\000i\000n\000s\000u\000f\000i\000c\000i\000e\000n\000t\000e\000\040\000p\000a\000r\000a\000\040\000l\000a\000\040\000g\000e\000n\000e\000r\000a\000c\000i\000\363\000n\000\040\000a\000u\000t\000\363\000n\000o\000m\000a\000\040\000d\000e\000\040\000c\000\363\000d\000i\000g\000o\000\040\000e\000s\000t\000r\000u\000c\000t\000u\000r\000a\000d\000o}{section.6}% 43
\BOOKMARK [2][-]{subsection.6.4}{\376\377\000R\000i\000e\000s\000g\000o\000\040\0004\000:\000\040\000L\000i\000m\000i\000t\000a\000c\000i\000o\000n\000e\000s\000\040\000d\000e\000\040\000c\000o\000n\000t\000r\000o\000l\000\040\000s\000o\000b\000r\000e\000\040\000e\000l\000\040\000f\000l\000u\000j\000o\000\040\000d\000e\000\040\000o\000r\000q\000u\000e\000s\000t\000a\000c\000i\000\363\000n\000\040\000e\000n\000\040\000e\000l\000\040\000e\000c\000o\000s\000i\000s\000t\000e\000m\000a\000\040\000I\000D\000E}{section.6}% 44
\BOOKMARK [2][-]{subsection.6.5}{\376\377\000R\000i\000e\000s\000g\000o\000\040\0005\000:\000\040\000D\000e\000s\000b\000o\000r\000d\000a\000m\000i\000e\000n\000t\000o\000\040\000d\000e\000\040\000l\000a\000\040\000v\000e\000n\000t\000a\000n\000a\000\040\000d\000e\000\040\000c\000o\000n\000t\000e\000x\000t\000o\000\040\000e\000n\000\040\000p\000r\000o\000y\000e\000c\000t\000o\000s\000\040\000g\000r\000a\000n\000d\000e\000s}{section.6}% 45
\BOOKMARK [2][-]{subsection.6.6}{\376\377\000R\000i\000e\000s\000g\000o\000\040\0006\000:\000\040\000E\000x\000c\000e\000s\000o\000\040\000d\000e\000\040\000f\000r\000i\000c\000c\000i\000\363\000n\000\040\000e\000n\000\040\000e\000l\000\040\000b\000u\000c\000l\000e\000\040\000d\000e\000\040\000d\000e\000s\000a\000r\000r\000o\000l\000l\000o\000\040\000p\000o\000r\000\040\000a\000u\000d\000i\000t\000o\000r\000\355\000a\000s\000\040\000d\000e\000m\000a\000s\000i\000a\000d\000o\000\040\000e\000s\000t\000r\000i\000c\000t\000a\000s}{section.6}% 46
\BOOKMARK [1][-]{section.7}{\376\377\000G\000e\000s\000t\000i\000\363\000n\000\040\000e\000c\000o\000n\000\363\000m\000i\000c\000a}{}% 47
\BOOKMARK [2][-]{subsection.7.1}{\376\377\000C\000o\000s\000t\000e\000\040\000d\000e\000l\000\040\000p\000e\000r\000s\000o\000n\000a\000l}{section.7}% 48
\BOOKMARK [2][-]{subsection.7.2}{\376\377\000C\000o\000s\000t\000e\000\040\000p\000o\000r\000\040\000a\000c\000t\000i\000v\000i\000d\000a\000d}{section.7}% 49
\BOOKMARK [3][-]{subsubsection.7.2.1}{\376\377\000G\000e\000s\000t\000i\000\363\000n\000\040\000d\000e\000l\000\040\000p\000r\000o\000y\000e\000c\000t\000o}{subsection.7.2}% 50
\BOOKMARK [3][-]{subsubsection.7.2.2}{\376\377\000T\000r\000a\000b\000a\000j\000o\000\040\000P\000r\000e\000v\000i\000o}{subsection.7.2}% 51
\BOOKMARK [3][-]{subsubsection.7.2.3}{\376\377\000D\000e\000s\000a\000r\000r\000o\000l\000l\000o\000\040\000\301\000g\000i\000l}{subsection.7.2}% 52
\BOOKMARK [3][-]{subsubsection.7.2.4}{\376\377\000P\000r\000u\000e\000b\000a\000s\000\040\000y\000\040\000V\000a\000l\000i\000d\000a\000c\000i\000\363\000n}{subsection.7.2}% 53
\BOOKMARK [2][-]{subsection.7.3}{\376\377\000C\000o\000s\000t\000e\000s\000\040\000g\000e\000n\000\351\000r\000i\000c\000o\000s}{section.7}% 54
\BOOKMARK [3][-]{subsubsection.7.3.1}{\376\377\000C\000o\000s\000t\000e\000s\000\040\000e\000s\000t\000r\000u\000c\000t\000u\000r\000a\000l\000e\000s}{subsection.7.3}% 55
\BOOKMARK [3][-]{subsubsection.7.3.2}{\376\377\000C\000o\000s\000t\000e\000s\000\040\000d\000e\000\040\000S\000o\000f\000t\000w\000a\000r\000e}{subsection.7.3}% 56
\BOOKMARK [3][-]{subsubsection.7.3.3}{\376\377\000C\000o\000s\000t\000e\000s\000\040\000d\000e\000\040\000H\000a\000r\000d\000w\000a\000r\000e}{subsection.7.3}% 57
\BOOKMARK [2][-]{subsection.7.4}{\376\377\000C\000o\000n\000t\000i\000n\000g\000e\000n\000c\000i\000a\000s\000\040\000e\000\040\000i\000m\000p\000r\000e\000v\000i\000s\000t\000o\000s}{section.7}% 58
\BOOKMARK [3][-]{subsubsection.7.4.1}{\376\377\000C\000o\000n\000t\000i\000n\000g\000e\000n\000c\000i\000a\000s}{subsection.7.4}% 59
\BOOKMARK [3][-]{subsubsection.7.4.2}{\376\377\000I\000m\000p\000r\000e\000v\000i\000s\000t\000o\000s}{subsection.7.4}% 60
\BOOKMARK [2][-]{subsection.7.5}{\376\377\000C\000o\000s\000t\000e\000\040\000t\000o\000t\000a\000l}{section.7}% 61
\BOOKMARK [2][-]{subsection.7.6}{\376\377\000C\000o\000n\000t\000r\000o\000l\000\040\000d\000e\000\040\000g\000e\000s\000t\000i\000\363\000n}{section.7}% 62
\BOOKMARK [1][-]{section.8}{\376\377\000I\000n\000f\000o\000r\000m\000e\000\040\000d\000e\000\040\000s\000o\000s\000t\000e\000n\000i\000b\000i\000l\000i\000d\000a\000d}{}% 63
\BOOKMARK [2][-]{subsection.8.1}{\376\377\000A\000u\000t\000o\000e\000v\000a\000l\000u\000a\000c\000i\000\363\000n\000\040\000d\000e\000\040\000l\000a\000\040\000c\000o\000m\000p\000e\000t\000e\000n\000c\000i\000a}{section.8}% 64
\BOOKMARK [2][-]{subsection.8.2}{\376\377\000D\000i\000m\000e\000n\000s\000i\000\363\000n\000\040\000e\000c\000o\000n\000\363\000m\000i\000c\000a}{section.8}% 65
\BOOKMARK [2][-]{subsection.8.3}{\376\377\000D\000i\000m\000e\000n\000s\000i\000\363\000n\000\040\000s\000o\000c\000i\000a\000l}{section.8}% 66
\BOOKMARK [2][-]{subsection.8.4}{\376\377\000D\000i\000m\000e\000n\000s\000i\000\363\000n\000\040\000a\000m\000b\000i\000e\000n\000t\000a\000l}{section.8}% 67
\BOOKMARK [1][-]{subsection.8.4}{\376\377\000R\000e\000f\000e\000r\000e\000n\000c\000i\000a\000s}{}% 68
